<?xml version="1.0" encoding="UTF-8"?>
<!-- Generated by org.testng.reporters.JUnitXMLReporter -->
<testsuite hostname="SYPULCP7CWG3" ignored="0" name="Test" tests="1" failures="1" timestamp="13 Jun 2023 11:26:51 GMT" time="0.046" errors="0">
  <testcase name="testScreenshot" time="0.016" classname="Day2.TestScreenshot">
    <failure type="java.lang.NullPointerException">
      <![CDATA[java.lang.NullPointerException
	at Day2.TestScreenshot.testScreenshot(TestScreenshot.java:22)
	at java.util.concurrent.ThreadPoolExecutor.runWorker(Unknown Source)
	at java.util.concurrent.ThreadPoolExecutor$Worker.run(Unknown Source)
	at java.lang.Thread.run(Unknown Source)
... Removed 10 stack frames]]>
    </failure>
  </testcase> <!-- testScreenshot -->
</testsuite> <!-- Test -->
