<?xml version="1.0" encoding="UTF-8"?>
<testng-results skipped="0" failed="0" ignored="0" total="1" passed="1">
  <reporter-output>
  </reporter-output>
  <suite name="Default suite" duration-ms="369" started-at="2023-07-05T07:00:09Z" finished-at="2023-07-05T07:00:10Z">
    <groups>
    </groups>
    <test name="Default test" duration-ms="369" started-at="2023-07-05T07:00:09Z" finished-at="2023-07-05T07:00:10Z">
      <class name="POJO.ProductTest">
        <test-method status="PASS" signature="name()[pri:0, instance:POJO.ProductTest@215be6bb]" name="name" duration-ms="353" started-at="2023-07-05T12:30:09Z" finished-at="2023-07-05T12:30:10Z">
          <reporter-output>
          </reporter-output>
        </test-method> <!-- name -->
      </class> <!-- POJO.ProductTest -->
    </test> <!-- Default test -->
  </suite> <!-- Default suite -->
</testng-results>
