<?xml version="1.0" encoding="UTF-8"?>
<!-- Generated by org.testng.reporters.JUnitXMLReporter -->
<testsuite hostname="SYPULCP7CWG3" ignored="0" name="Surefire test" tests="7" failures="0" timestamp="02 Jul 2023 12:37:14 GMT" time="2.41" errors="0">
  <testcase name="getAllStudents" time="1.531" classname="Basics.GetAllStudentsTest"/>
  <testcase name="deleteRequest" time="0.031" classname="CrudOperation.DeleteRequetTest"/>
  <testcase name="getStudent" time="0.079" classname="CrudOperation.GetReqTest"/>
  <testcase name="postReq" time="0.45" classname="CrudOperation.PostReqTest"/>
  <testcase name="name" time="0.055" classname="CrudOperation.PutRequestTest"/>
  <testcase name="prodctTest" time="0.245" classname="Pojo.ProductTest"/>
  <testcase name="testProduct" time="0.008" classname="POJO1.ProductTest"/>
</testsuite> <!-- Surefire test -->
